<?xml version="1.0" encoding="UTF-8" ?>
<testsuite tests="2" failures="0" name="runner.RunCucumberTest" time="2.31" errors="1" skipped="0">
  <properties>
[...]
</properties>
  <testcase classname="JSONPlaceholder API Testing" name="Get a user by ID" time="2.286"/>
  <testcase classname="JSONPlaceholder API Testing" name="Create a new post for a user" time="0.024">
    <error message="Can&apos;t convert DataTable to Map&lt;java.lang.String, java.lang.String&gt;.
There is more then one value per key. Did you mean to transform to Map&lt;java.lang.String, List&lt;java.lang.String&gt;&gt; instead?" type="io.cucumber.datatable.CucumberDataTableException">io.cucumber.datatable.CucumberDataTableException: Can&apos;t convert DataTable to Map&lt;java.lang.String, java.lang.String&gt;.
There is more then one value per key. Did you mean to transform to Map&lt;java.lang.String, List&lt;java.lang.String&gt;&gt; instead?
	at io.cucumber.datatable.CucumberDataTableException.cantConvertToMap(CucumberDataTableException.java:27)
	at io.cucumber.datatable.CucumberDataTableException.keyValueMismatchException(CucumberDataTableException.java:47)
	at io.cucumber.datatable.DataTableTypeRegistryTableConverter.toMap(DataTableTypeRegistryTableConverter.java:282)
	at io.cucumber.datatable.DataTable.asMap(DataTable.java:278)
	at steps.ApiSteps.createJsonFromDataTable(ApiSteps.java:63)
	at steps.ApiSteps.iSendAPOSTRequestToWithBody(ApiSteps.java:33)
	at ✽.I send a POST request to &quot;/posts&quot; with body:(file:///C:/affordablehousing/APIFramework/src/test/resources/features/user_api.feature:9)
</error>
    <system-out>
Scenario: Create a new post for a user               # src/test/resources/features/user_api.feature:8
  Given I send a POST request to &quot;/posts&quot; with body: # steps.ApiSteps.iSendAPOSTRequestToWithBody(java.lang.String,io.cucumber.datatable.DataTable)
    | title | body                 | userId |
    | Test  | This is a test post. | 1      |
      io.cucumber.datatable.CucumberDataTableException: Can&apos;t convert DataTable to Map&lt;java.lang.String, java.lang.String&gt;.
There is more then one value per key. Did you mean to transform to Map&lt;java.lang.String, List&lt;java.lang.String&gt;&gt; instead?
	at io.cucumber.datatable.CucumberDataTableException.cantConvertToMap(CucumberDataTableException.java:27)
	at io.cucumber.datatable.CucumberDataTableException.keyValueMismatchException(CucumberDataTableException.java:47)
	at io.cucumber.datatable.DataTableTypeRegistryTableConverter.toMap(DataTableTypeRegistryTableConverter.java:282)
	at io.cucumber.datatable.DataTable.asMap(DataTable.java:278)
	at steps.ApiSteps.createJsonFromDataTable(ApiSteps.java:63)
	at steps.ApiSteps.iSendAPOSTRequestToWithBody(ApiSteps.java:33)
	at ✽.I send a POST request to &quot;/posts&quot; with body:(file:///C:/affordablehousing/APIFramework/src/test/resources/features/user_api.feature:9)

  Then the response status should be 201             # steps.ApiSteps.theResponseStatusShouldBe(int)
  And the response should contain the title &quot;Test&quot;   # steps.ApiSteps.theResponseShouldContainTheTitle(java.lang.String)
</system-out>
  </testcase>
</testsuite>